[INFO ] 2021-08-29 18:41:51.202 [main] Logs - getting tile 
[INFO ] 2021-08-29 18:48:02.440 [main] Logs - Launching the browser
[INFO ] 2021-08-29 18:48:06.501 [main] Logs - Making entries in UserName and Password and click
[WARN ] 2021-08-29 18:48:11.864 [main] Logs - tear down is called here goign to close everyting.
[INFO ] 2021-08-29 19:22:37.128 [main] Logs - Launching the browser
[INFO ] 2021-08-29 19:22:41.861 [main] Logs - Making entries in UserName and Password and click
[WARN ] 2021-08-29 19:22:47.557 [main] Logs - tear down is called here goign to close everyting.
[INFO ] 2021-08-29 20:29:11.520 [main] Logs - Launching the browser
[INFO ] 2021-08-29 20:29:16.106 [main] Logs - Making entries in UserName and Password and click
[WARN ] 2021-08-29 20:29:22.090 [main] Logs - tear down is called here goign to close everyting.
[INFO ] 2021-08-29 21:15:11.341 [main] Logs - Faling this test case to verify screenshotcapturing code have been written in Listners
[INFO ] 2021-08-29 21:17:19.221 [main] Logs - Faling this test case to verify screenshotcapturing code have been written in Listners
[INFO ] 2021-08-29 21:18:37.972 [main] Logs - Launching the browser
[INFO ] 2021-08-29 21:18:41.644 [main] Logs - Making entries in UserName and Password and click
[WARN ] 2021-08-29 21:18:46.448 [main] Logs - tear down is called here goign to close everyting.
[INFO ] 2021-08-29 21:18:48.379 [main] Logs - Faling this test case to verify screenshotcapturing code have been written in Listners
[INFO ] 2021-08-29 21:20:07.582 [main] Logs - Launching the browser
[INFO ] 2021-08-29 21:20:10.679 [main] Logs - Making entries in UserName and Password and click
[WARN ] 2021-08-29 21:20:15.496 [main] Logs - tear down is called here goign to close everyting.
[INFO ] 2021-08-29 21:20:17.465 [main] Logs - Faling this test case to verify screenshotcapturing code have been written in Listners
[INFO ] 2021-08-29 21:22:28.585 [main] Logs - Launching the browser
[INFO ] 2021-08-29 21:22:31.639 [main] Logs - Making entries in UserName and Password and click
[WARN ] 2021-08-29 21:22:36.363 [main] Logs - tear down is called here goign to close everyting.
[INFO ] 2021-08-29 21:22:36.390 [main] Logs - Faling this test case to verify screenshotcapturing code have been written in Listners
[INFO ] 2021-08-29 21:28:31.664 [main] Logs - Launching the browser
[INFO ] 2021-08-29 21:28:35.069 [main] Logs - Making entries in UserName and Password and click
[WARN ] 2021-08-29 21:28:39.939 [main] Logs - tear down is called here goign to close everyting.
[INFO ] 2021-08-29 21:28:39.943 [main] Logs - Faling this test case to verify screenshotcapturing code have been written in Listners
[INFO ] 2021-08-29 21:29:47.710 [main] Logs - Launching the browser
[INFO ] 2021-08-29 21:29:51.045 [main] Logs - Making entries in UserName and Password and click
[WARN ] 2021-08-29 21:29:55.715 [main] Logs - tear down is called here goign to close everyting.
[INFO ] 2021-08-29 21:29:55.720 [main] Logs - Faling this test case to verify screenshotcapturing code have been written in Listners
[INFO ] 2021-08-29 21:30:29.802 [main] Logs - Launching the browser
[INFO ] 2021-08-29 21:30:33.147 [main] Logs - Making entries in UserName and Password and click
[WARN ] 2021-08-29 21:30:37.753 [main] Logs - tear down is called here goign to close everyting.
[INFO ] 2021-08-29 21:30:37.758 [main] Logs - Faling this test case to verify screenshotcapturing code have been written in Listners
[INFO ] 2021-08-29 21:33:11.993 [main] Logs - Launching the browser
[INFO ] 2021-08-29 21:33:15.120 [main] Logs - Making entries in UserName and Password and click
[WARN ] 2021-08-29 21:33:19.619 [main] Logs - tear down is called here goign to close everyting.
[INFO ] 2021-08-29 21:33:19.623 [main] Logs - Faling this test case to verify screenshotcapturing code have been written in Listners
[INFO ] 2021-08-29 21:36:40.923 [main] Logs - Launching the browser
[INFO ] 2021-08-29 21:36:44.305 [main] Logs - Making entries in UserName and Password and click
[WARN ] 2021-08-29 21:36:49.181 [main] Logs - tear down is called here goign to close everyting.
[INFO ] 2021-08-29 21:36:49.185 [main] Logs - Faling this test case to verify screenshotcapturing code have been written in Listners
[INFO ] 2021-08-29 21:39:35.584 [main] Logs - Launching the browser
[INFO ] 2021-08-29 21:39:39.179 [main] Logs - Making entries in UserName and Password and click
[WARN ] 2021-08-29 21:39:43.694 [main] Logs - tear down is called here goign to close everyting.
[INFO ] 2021-08-29 21:39:43.699 [main] Logs - Faling this test case to verify screenshotcapturing code have been written in Listners
[INFO ] 2021-08-29 21:40:09.994 [main] Logs - Launching the browser
[INFO ] 2021-08-29 21:40:13.391 [main] Logs - Making entries in UserName and Password and click
[WARN ] 2021-08-29 21:40:17.998 [main] Logs - tear down is called here goign to close everyting.
[INFO ] 2021-08-29 21:40:18.003 [main] Logs - Faling this test case to verify screenshotcapturing code have been written in Listners
[INFO ] 2021-08-29 21:44:45.151 [main] Logs - Faling this test case to verify screenshotcapturing code have been written in Listners
[INFO ] 2021-08-29 21:45:38.720 [main] Logs - Launching the browser
[INFO ] 2021-08-29 21:45:42.099 [main] Logs - Making entries in UserName and Password and click
[WARN ] 2021-08-29 21:45:46.711 [main] Logs - tear down is called here goign to close everyting.
[INFO ] 2021-08-29 21:45:46.715 [main] Logs - Faling this test case to verify screenshotcapturing code have been written in Listners
[INFO ] 2021-08-29 21:46:34.461 [main] Logs - Launching the browser
[INFO ] 2021-08-29 21:46:37.457 [main] Logs - Making entries in UserName and Password and click
[WARN ] 2021-08-29 21:46:41.455 [main] Logs - tear down is called here goign to close everyting.
[INFO ] 2021-08-29 21:46:41.460 [main] Logs - Faling this test case to verify screenshotcapturing code have been written in Listners
[INFO ] 2021-08-29 21:47:45.731 [main] Logs - Launching the browser
[INFO ] 2021-08-29 21:47:49.060 [main] Logs - Making entries in UserName and Password and click
[WARN ] 2021-08-29 21:47:53.541 [main] Logs - tear down is called here goign to close everyting.
[INFO ] 2021-08-29 21:47:53.545 [main] Logs - Faling this test case to verify screenshotcapturing code have been written in Listners
[INFO ] 2021-08-29 21:49:00.267 [main] Logs - Launching the browser
[INFO ] 2021-08-29 21:49:03.334 [main] Logs - Making entries in UserName and Password and click
[WARN ] 2021-08-29 21:49:07.953 [main] Logs - tear down is called here goign to close everyting.
[INFO ] 2021-08-29 21:49:07.957 [main] Logs - Faling this test case to verify screenshotcapturing code have been written in Listners
