[INFO ] 2021-08-30 12:08:07.518 [main] Logs - Launching the browser
[INFO ] 2021-08-30 12:08:11.018 [main] Logs - Making entries in UserName and Password and click
[WARN ] 2021-08-30 12:08:15.996 [main] Logs - tear down is called here goign to close everyting.
[INFO ] 2021-08-30 12:08:16.002 [main] Logs - Faling this test case to verify screenshotcapturing code have been written in Listners
[INFO ] 2021-08-30 12:08:16.369 [main] Logs - Launching the browser
[INFO ] 2021-08-30 12:08:18.696 [main] Logs - Fail this test case to take screeenshot.
[INFO ] 2021-08-30 12:31:17.908 [main] Logs - Launching the browser
[INFO ] 2021-08-30 12:31:21.348 [main] Logs - Making entries in UserName and Password and click
[WARN ] 2021-08-30 12:31:26.987 [main] Logs - tear down is called here goign to close everyting.
[INFO ] 2021-08-30 12:31:26.991 [main] Logs - Faling this test case to verify screenshotcapturing code have been written in Listners
[INFO ] 2021-08-30 12:31:27.002 [main] Logs - Faling this test case to verify screenshotcapturing code have been written in Listners
[INFO ] 2021-08-30 12:31:27.011 [main] Logs - Faling this test case to verify screenshotcapturing code have been written in Listners
[INFO ] 2021-08-30 12:31:27.196 [main] Logs - Launching the browser
[INFO ] 2021-08-30 12:31:28.876 [main] Logs - Fail this test case to take screeenshot.
[INFO ] 2021-08-30 12:31:28.885 [main] Logs - Launching the browser
[INFO ] 2021-08-30 12:31:30.738 [main] Logs - Fail this test case to take screeenshot.
[INFO ] 2021-08-30 12:31:30.745 [main] Logs - Launching the browser
[INFO ] 2021-08-30 12:31:31.918 [main] Logs - Fail this test case to take screeenshot.
[INFO ] 2021-08-30 12:33:03.657 [main] Logs - Launching the browser
[INFO ] 2021-08-30 12:33:07.320 [main] Logs - Making entries in UserName and Password and click
[WARN ] 2021-08-30 12:33:12.069 [main] Logs - tear down is called here goign to close everyting.
[INFO ] 2021-08-30 12:33:12.075 [main] Logs - Faling this test case to verify screenshotcapturing code have been written in Listners
[INFO ] 2021-08-30 12:33:12.085 [main] Logs - Faling this test case to verify screenshotcapturing code have been written in Listners
[INFO ] 2021-08-30 12:33:12.095 [main] Logs - Faling this test case to verify screenshotcapturing code have been written in Listners
[INFO ] 2021-08-30 12:33:12.289 [main] Logs - Launching the browser
[INFO ] 2021-08-30 12:33:14.904 [main] Logs - Fail this test case to take screeenshot.
[INFO ] 2021-08-30 12:33:14.912 [main] Logs - Launching the browser
[INFO ] 2021-08-30 12:33:16.108 [main] Logs - Fail this test case to take screeenshot.
[INFO ] 2021-08-30 12:33:16.115 [main] Logs - Launching the browser
[INFO ] 2021-08-30 12:33:16.990 [main] Logs - Fail this test case to take screeenshot.
